Arguments: 
  /home/paulsess/.nvm/versions/node/v16.15.1/bin/node /home/paulsess/.nvm/versions/node/v16.15.1/bin/yarn add @hotwired/stimulus

PATH: 
  /home/paulsess/.rbenv/versions/3.1.2/lib/ruby/gems/3.1.0/bin:/home/paulsess/.rbenv/versions/3.1.2/bin:/home/paulsess/.rbenv/libexec:/home/paulsess/.rbenv/plugins/ruby-build/bin:./bin:./node_modules/.bin:/home/paulsess/.nvm/versions/node/v16.15.1/bin:/home/paulsess/.rbenv/shims:/home/paulsess/.rbenv/bin:/home/paulsess/.pyenv/bin:/usr/local/sbin:/usr/local/bin:/usr/sbin:/usr/bin:/sbin:/bin:/usr/games:/usr/local/games:/usr/lib/wsl/lib:/mnt/c/Program Files/WindowsApps/Microsoft.WindowsTerminal_1.15.2875.0_x64__8wekyb3d8bbwe:/mnt/c/Windows/System32:/mnt/c/Windows:/mnt/c/Windows/System32/wbem:/mnt/c/Windows/System32/WindowsPowerShell/v1.0/:/mnt/c/Windows/System32/OpenSSH/:/mnt/c/Program Files/dotnet/:/mnt/c/Program Files/GitHub CLI/:/mnt/c/Program Files/Git/cmd:/mnt/c/Users/Paul/AppData/Local/Microsoft/WindowsApps:/mnt/c/Users/Paul/AppData/Local/Programs/Microsoft VS Code/bin:/mnt/c/Program Files/JetBrains/PyCharm Community Edition 2020.3.3/bin

Yarn version: 
  1.22.19

Node version: 
  16.15.1

Platform: 
  linux x64

Trace: 
  Error: getaddrinfo EAI_AGAIN registry.yarnpkg.com
      at GetAddrInfoReqWrap.onlookup [as oncomplete] (node:dns:71:26)

npm manifest: 
  {
    "name": "app",
    "private": "true",
    "scripts": {
      "build": "webpack --config webpack.config.js"
    }
  }

yarn manifest: 
  No manifest

Lockfile: 
  No lockfile
